  binary_tree.c
C:\Users\Ivan Marasovic\Documents\Strukture Podataka Vjezbe\StrukturePodataka\vjezba_08\binary_tree.c(54,38): warning C4047: '=': 'Position' differs in levels of indirection from 'int'
C:\Users\Ivan Marasovic\Documents\Strukture Podataka Vjezbe\StrukturePodataka\vjezba_08\binary_tree.c(150,14): warning C4047: 'return': 'int' differs in levels of indirection from 'Position'
C:\Users\Ivan Marasovic\Documents\Strukture Podataka Vjezbe\StrukturePodataka\vjezba_08\binary_tree.c(153,36): warning C4047: 'function': 'Position' differs in levels of indirection from 'int'
C:\Users\Ivan Marasovic\Documents\Strukture Podataka Vjezbe\StrukturePodataka\vjezba_08\binary_tree.c(153,30): warning C4024: 'DeleteElement': different types for formal and actual parameter 1
C:\Users\Ivan Marasovic\Documents\Strukture Podataka Vjezbe\StrukturePodataka\vjezba_08\binary_tree.c(153,48): warning C4047: 'function': 'int' differs in levels of indirection from 'Position'
C:\Users\Ivan Marasovic\Documents\Strukture Podataka Vjezbe\StrukturePodataka\vjezba_08\binary_tree.c(153,42): warning C4024: 'DeleteElement': different types for formal and actual parameter 2
C:\Users\Ivan Marasovic\Documents\Strukture Podataka Vjezbe\StrukturePodataka\vjezba_08\binary_tree.c(153,49): warning C4047: '=': 'Position' differs in levels of indirection from 'int'
C:\Users\Ivan Marasovic\Documents\Strukture Podataka Vjezbe\StrukturePodataka\vjezba_08\binary_tree.c(156,37): warning C4047: 'function': 'Position' differs in levels of indirection from 'int'
C:\Users\Ivan Marasovic\Documents\Strukture Podataka Vjezbe\StrukturePodataka\vjezba_08\binary_tree.c(156,31): warning C4024: 'DeleteElement': different types for formal and actual parameter 1
C:\Users\Ivan Marasovic\Documents\Strukture Podataka Vjezbe\StrukturePodataka\vjezba_08\binary_tree.c(156,50): warning C4047: 'function': 'int' differs in levels of indirection from 'Position'
C:\Users\Ivan Marasovic\Documents\Strukture Podataka Vjezbe\StrukturePodataka\vjezba_08\binary_tree.c(156,43): warning C4024: 'DeleteElement': different types for formal and actual parameter 2
C:\Users\Ivan Marasovic\Documents\Strukture Podataka Vjezbe\StrukturePodataka\vjezba_08\binary_tree.c(156,51): warning C4047: '=': 'Position' differs in levels of indirection from 'int'
C:\Users\Ivan Marasovic\Documents\Strukture Podataka Vjezbe\StrukturePodataka\vjezba_08\binary_tree.c(164,44): warning C4047: 'function': 'Position' differs in levels of indirection from 'int'
C:\Users\Ivan Marasovic\Documents\Strukture Podataka Vjezbe\StrukturePodataka\vjezba_08\binary_tree.c(164,36): warning C4024: 'DeleteElement': different types for formal and actual parameter 1
C:\Users\Ivan Marasovic\Documents\Strukture Podataka Vjezbe\StrukturePodataka\vjezba_08\binary_tree.c(164,57): warning C4047: 'function': 'int' differs in levels of indirection from 'Position'
C:\Users\Ivan Marasovic\Documents\Strukture Podataka Vjezbe\StrukturePodataka\vjezba_08\binary_tree.c(164,50): warning C4024: 'DeleteElement': different types for formal and actual parameter 2
C:\Users\Ivan Marasovic\Documents\Strukture Podataka Vjezbe\StrukturePodataka\vjezba_08\binary_tree.c(164,58): warning C4047: '=': 'Position' differs in levels of indirection from 'int'
C:\Users\Ivan Marasovic\Documents\Strukture Podataka Vjezbe\StrukturePodataka\vjezba_08\binary_tree.c(177,13): warning C4047: 'return': 'int' differs in levels of indirection from 'Position'
  main.c
  Generating Code...
C:\Users\Ivan Marasovic\Documents\Strukture Podataka Vjezbe\StrukturePodataka\vjezba_08\binary_tree.c(60): warning C4715: 'Menu': not all control paths return a value
  vjezba_08.vcxproj -> C:\Users\Ivan Marasovic\Documents\Strukture Podataka Vjezbe\StrukturePodataka\vjezba_08\x64\Debug\vjezba_08.exe
